*** Using Compiler 'V5.06 update 7 (build 960)', folder: 'C:\Program Files\Keil\Keil_ARM\ARM\ARMCC\Bin'
Build target 'RTK20'
compiling controller.c...
..\Core\Src\controller.c(14): error:  #145: variable "atemp"  may not be initialized
      double atemp[2 * (in->rank + 1)] = { 0 }, b[in->rank_ + 1] = { 0 }, a[in->rank + 1][in->rank + 1];
..\Core\Src\controller.c(14): error:  #136: struct "<unnamed>"  has no field "rank_"
      double atemp[2 * (in->rank + 1)] = { 0 }, b[in->rank_ + 1] = { 0 }, a[in->rank + 1][in->rank + 1];
..\Core\Src\controller.c(14): error:  #145: variable "b"  may not be initialized
      double atemp[2 * (in->rank + 1)] = { 0 }, b[in->rank_ + 1] = { 0 }, a[in->rank + 1][in->rank + 1];
..\Core\Src\controller.c(17): error:  #20: identifier "maxn" is undefined
      for (i = 0; i < maxn; i++) {  
..\Core\Src\controller.c(18): error:  #20: identifier "x" is undefined
          atemp[1] += x[i];
..\Core\Src\controller.c(19): warning:  #223-D: function "pow" declared implicitly
          atemp[2] += pow(x[i], 2);
..\Core\Src\controller.c(24): error:  #20: identifier "y" is undefined
          b[0] += y[i];
..\Core\Src\controller.c(29): error:  #20: identifier "maxn" is undefined
      atemp[0] = maxn;
..\Core\Src\controller.c(30): error:  #20: identifier "rank_" is undefined
      for (i = 0; i < rank_ + 1; i++) {  //æ„å»ºçº¿æ€§æ–¹ç¨‹ç»„ç³»æ•°çŸ©é˜µï¼Œb[]ä¸å˜
..\Core\Src\controller.c(35): error:  #20: identifier "rank_" is undefined
      for (k = 0; k < rank_ + 1 - 1; k++) {  //n - 1åˆ?
..\Core\Src\controller.c(39): warning:  #223-D: function "fabs" declared implicitly
              if (fabs(a[i][k]) > mainelement) {
..\Core\Src\controller.c(58): error:  #20: identifier "rank_" is undefined
      b[rank_ + 1 - 1] /= a[rank_ + 1 - 1][rank_ + 1 - 1];  //å›ä»£è¿‡ç¨‹
..\Core\Src\controller.c(64): error:  #20: identifier "k0_3" is undefined
  	*k0_3 = b[0];//åç§»
..\Core\Src\controller.c(66): error:  #20: identifier "k2" is undefined
  	k2 = b[2];//äºŒæ¬¡é¡¹ç³»æ•?
..\Core\Src\controller.c(67): error:  #20: identifier "k3" is undefined
  	k3 = b[3];//ä¸‰æ¬¡é¡¹ç³»æ•?
..\Core\Src\controller.c: 2 warnings, 13 errors
"RTK20\RTK20.axf" - 13 Error(s), 2 Warning(s).
Target not created.
Build Time Elapsed:  00:00:03
